ncverilog(64): 15.20-s085: (c) Copyright 1995-2020 Cadence Design Systems, Inc.
TOOL:	ncverilog	15.20-s085: Started on Dec 05, 2020 at 19:08:05 IST
ncverilog
	+access+rw
	fifo_tb.v
	fifo.v
SOFTINCLUDE $EMXHOME/emxinterface/cds.lib
|
ncverilog: *W,DLCVAR (/tools/cadence/IC/06.18.140/tools/dfII/local/cds.lib,12): cds.lib Invalid environment variable ''.
SOFTINCLUDE $EMXHOME/emxinterface/cds.lib
|
ncverilog: *W,DLCVAR (/tools/cadence/IC/06.18.140/tools/dfII/local/cds.lib,12): cds.lib Invalid environment variable ''.
SOFTINCLUDE $EMXHOME/emxinterface/cds.lib
|
ncverilog: *W,DLCVAR (/tools/cadence/IC/06.18.140/tools/dfII/local/cds.lib,12): cds.lib Invalid environment variable ''.
SOFTINCLUDE $EMXHOME/emxinterface/cds.lib
|
ncverilog: *W,DLCVAR (/tools/cadence/IC/06.18.140/tools/dfII/local/cds.lib,12): cds.lib Invalid environment variable ''.
SOFTINCLUDE $EMXHOME/emxinterface/cds.lib
|
ncverilog: *W,DLCVAR (/tools/cadence/IC/06.18.140/tools/dfII/local/cds.lib,12): cds.lib Invalid environment variable ''.
SOFTINCLUDE $EMXHOME/emxinterface/cds.lib
|
ncvlog: *W,DLCVAR (/tools/cadence/IC/06.18.140/tools/dfII/local/cds.lib,12): cds.lib Invalid environment variable ''.
file: fifo_tb.v
	module worklib.fifo_tb:v
		errors: 0, warnings: 0
file: fifo.v
	module worklib.fifo:v
		errors: 0, warnings: 0
	Total errors/warnings found outside modules and primitives:
		errors: 0, warnings: 1
SOFTINCLUDE $EMXHOME/emxinterface/cds.lib
|
ncverilog: *W,DLCVAR (/tools/cadence/IC/06.18.140/tools/dfII/local/cds.lib,12): cds.lib Invalid environment variable ''.
SOFTINCLUDE $EMXHOME/emxinterface/cds.lib
|
ncverilog: *W,DLCVAR (/tools/cadence/IC/06.18.140/tools/dfII/local/cds.lib,12): cds.lib Invalid environment variable ''.
SOFTINCLUDE $EMXHOME/emxinterface/cds.lib
|
ncelab: *W,DLCVAR (/tools/cadence/IC/06.18.140/tools/dfII/local/cds.lib,12): cds.lib Invalid environment variable ''.
		Caching library 'worklib' ....... Done
	Elaborating the design hierarchy:
	Building instance overlay tables: .................... Done
	Generating native compiled code:
SOFTINCLUDE $EMXHOME/emxinterface/cds.lib
|
ncvlog_cg: *W,DLCVAR (/tools/cadence/IC/06.18.140/tools/dfII/local/cds.lib,12): cds.lib Invalid environment variable ''.
		worklib.fifo:v <0x4067f040>
			streams:  10, words:  5168
		worklib.fifo_tb:v <0x7bf27ae0>
			streams:   7, words: 12782
	Building instance specific data structures.
	Loading native compiled code:     .................... Done
	Design hierarchy summary:
		                 Instances  Unique
		Modules:                 2       2
		Registers:              13      13
		Scalar wires:            5       -
		Vectored wires:          2       -
		Always blocks:           2       2
		Initial blocks:          5       5
		Cont. assignments:       1       2
		Pseudo assignments:      5       5
		Simulation timescale:  1ps
	Writing initial simulation snapshot: worklib.fifo_tb:v
SOFTINCLUDE $EMXHOME/emxinterface/cds.lib
|
ncsim: *W,DLCVAR (/tools/cadence/IC/06.18.140/tools/dfII/local/cds.lib,12): cds.lib Invalid environment variable ''.
Loading snapshot worklib.fifo_tb:v .................... Done
ncsim> source /tools/cadence/INCISIVE/15.20.085/tools/inca/files/ncsimrc
ncsim> run
RESET SUCCEEDED
n-EQUALS-ZERO CASES SUCCEEDED
OTHER-n CASES SUCCEEDED
n-EQUALS-N CASES SUCCEEDED
OVERALL CORRECT
Simulation complete via $finish(1) at time 190 NS + 0
./fifo_tb.v:134 	 $finish;
ncsim> exit
TOOL:	ncverilog	15.20-s085: Exiting on Dec 05, 2020 at 19:08:05 IST  (total: 00:00:00)
